<?xml version="1.0" encoding="UTF-8"?>
<!-- Generated by org.testng.reporters.JUnitReportReporter -->
<testsuite hostname="LAPTOP-EKMJDORJ" failures="0" tests="1" name="Practise2.DemoTest" time="0.007" errors="0" timestamp="2025-10-17T07:26:52 IST" skipped="0">
  <testcase classname="Practise2.DemoTest" name="loginTest" time="0.007"/>
</testsuite> <!-- Practise2.DemoTest -->
